<?xml version="1.0" encoding="UTF-8"?>
<!-- Generated by org.testng.reporters.JUnitReportReporter -->
<testsuite hostname="VRAMU-IN2" name="com.rapido.tests.AmzJsonTest" tests="1" failures="0" timestamp="12 Dec 2019 06:57:33 GMT" time="15.886" errors="0">
  <testcase name="AmazonSearchTest" time="15.886" classname="com.rapido.tests.AmzJsonTest"/>
</testsuite> <!-- com.rapido.tests.AmzJsonTest -->
